0 info it worked if it ends with ok
1 verbose cli [ '/Users/kevinmaze/.nvm/v0.10.33/bin/node',
1 verbose cli   '/Users/kevinmaze/.nvm/v0.10.33/bin/npm',
1 verbose cli   'run',
1 verbose cli   'build' ]
2 info using npm@1.4.28
3 info using node@v0.10.33
4 verbose run-script [ 'prebuild', 'build', 'postbuild' ]
5 info prebuild public-site-v2@1.0.0
6 info build public-site-v2@1.0.0
7 verbose unsafe-perm in lifecycle true
8 info public-site-v2@1.0.0 Failed to exec build script
9 error public-site-v2@1.0.0 build: `babel src --out-dir public && sass scss/styles.scss public/styles.css`
9 error Exit status 8
10 error Failed at the public-site-v2@1.0.0 build script.
10 error This is most likely a problem with the public-site-v2 package,
10 error not with npm itself.
10 error Tell the author that this fails on your system:
10 error     babel src --out-dir public && sass scss/styles.scss public/styles.css
10 error You can get their info via:
10 error     npm owner ls public-site-v2
10 error There is likely additional logging output above.
11 error System Darwin 15.6.0
12 error command "/Users/kevinmaze/.nvm/v0.10.33/bin/node" "/Users/kevinmaze/.nvm/v0.10.33/bin/npm" "run" "build"
13 error cwd /Users/kevinmaze/Desktop/public-site-v2
14 error node -v v0.10.33
15 error npm -v 1.4.28
16 error code ELIFECYCLE
17 verbose exit [ 1, true ]
